
> blogger@0.0.0 start
> node ./bin/www

Mongoose connected to mongodb+srv://cluster0.1rzy6mn.mongodb.net/

> blogger@0.0.0 start
> node ./bin/www

Mongoose connected to mongodb+srv://cluster0.1rzy6mn.mongodb.net/
[0mGET /blogList [36m304 [0m84.289 ms - -[0m
[0mGET /stylesheets/style.css [36m304 [0m100.072 ms - -[0m
[0mGET /stylesheets/fontawesome-all.css [36m304 [0m1.787 ms - -[0m
[0mGET /css/bootstrap.min.css [36m304 [0m29.030 ms - -[0m
[0mGET /js/bootstrap.min.js [36m304 [0m5.105 ms - -[0m
[0mGET /js/jquery.min.js [36m304 [0m7.194 ms - -[0m
[0mGET /webfonts/fa-solid-900.woff2 [36m304 [0m3.670 ms - -[0m
[0mGET / [36m304 [0m79.151 ms - -[0m
[0mGET /stylesheets/style.css [36m304 [0m15.648 ms - -[0m
[0mGET /css/fontawesome-all.css [36m304 [0m9.835 ms - -[0m
[0mGET /css/bootstrap.min.css [36m304 [0m12.415 ms - -[0m
[0mGET /js/bootstrap.min.js [36m304 [0m0.811 ms - -[0m
[0mGET /js/jquery.min.js [36m304 [0m4.526 ms - -[0m
[0mGET /blogList [36m304 [0m50.176 ms - -[0m
[0mGET /stylesheets/style.css [36m304 [0m1.667 ms - -[0m
[0mGET /css/bootstrap.min.css [36m304 [0m3.811 ms - -[0m
[0mGET /stylesheets/fontawesome-all.css [36m304 [0m1.030 ms - -[0m
[0mGET /js/bootstrap.min.js [36m304 [0m11.797 ms - -[0m
[0mGET /js/jquery.min.js [36m304 [0m15.525 ms - -[0m
[0mGET /webfonts/fa-solid-900.woff2 [36m304 [0m1.580 ms - -[0m
[0mGET /blogAdd [36m304 [0m6.496 ms - -[0m
[0mGET /stylesheets/style.css [36m304 [0m10.256 ms - -[0m
[0mGET /css/bootstrap.min.css [36m304 [0m6.369 ms - -[0m
[0mGET /js/bootstrap.min.js [36m304 [0m5.920 ms - -[0m
[0mGET /js/jquery.min.js [36m304 [0m8.493 ms - -[0m
[0mGET /blogList [36m304 [0m46.816 ms - -[0m
[0mGET /stylesheets/style.css [36m304 [0m11.406 ms - -[0m
[0mGET /stylesheets/fontawesome-all.css [36m304 [0m18.630 ms - -[0m
[0mGET /js/bootstrap.min.js [36m304 [0m5.368 ms - -[0m
[0mGET /css/bootstrap.min.css [36m304 [0m33.372 ms - -[0m
[0mGET /js/jquery.min.js [36m304 [0m22.431 ms - -[0m
[0mGET /webfonts/fa-solid-900.woff2 [36m304 [0m2.396 ms - -[0m
